[0m15:06:04.808778 [debug] [MainThread]: Sending event: {'category': 'dbt', 'action': 'invocation', 'label': 'start', 'context': [<snowplow_tracker.self_describing_json.SelfDescribingJson object at 0x106d829e0>, <snowplow_tracker.self_describing_json.SelfDescribingJson object at 0x109358b80>, <snowplow_tracker.self_describing_json.SelfDescribingJson object at 0x1093589a0>]}


============================== 15:06:04.811321 | f8afef1b-532b-4ca6-ae9b-d49750bd5d41 ==============================
[0m15:06:04.811321 [info ] [MainThread]: Running with dbt=1.6.6
[0m15:06:04.811677 [debug] [MainThread]: running dbt with arguments {'printer_width': '80', 'indirect_selection': 'eager', 'log_cache_events': 'False', 'write_json': 'True', 'partial_parse': 'True', 'cache_selected_only': 'False', 'warn_error': 'None', 'fail_fast': 'False', 'profiles_dir': '/Users/rhilly/.dbt', 'log_path': 'logs', 'version_check': 'True', 'debug': 'False', 'use_colors': 'True', 'use_experimental_parser': 'False', 'no_print': 'None', 'quiet': 'False', 'log_format': 'default', 'static_parser': 'True', 'warn_error_options': 'WarnErrorOptions(include=[], exclude=[])', 'invocation_command': 'dbt init', 'target_path': 'None', 'introspect': 'True', 'send_anonymous_usage_stats': 'True'}
[0m15:06:19.177481 [error] [MainThread]: Encountered an error:

[0m15:06:19.181195 [error] [MainThread]: Traceback (most recent call last):
  File "/Users/rhilly/.pyenv/versions/3.10.13/envs/nlh-analysis/lib/python3.10/site-packages/dbt/cli/requires.py", line 87, in wrapper
    result, success = func(*args, **kwargs)
  File "/Users/rhilly/.pyenv/versions/3.10.13/envs/nlh-analysis/lib/python3.10/site-packages/dbt/cli/requires.py", line 72, in wrapper
    return func(*args, **kwargs)
  File "/Users/rhilly/.pyenv/versions/3.10.13/envs/nlh-analysis/lib/python3.10/site-packages/dbt/cli/main.py", line 484, in init
    results = task.run()
  File "/Users/rhilly/.pyenv/versions/3.10.13/envs/nlh-analysis/lib/python3.10/site-packages/dbt/task/init.py", line 283, in run
    project_name = self.get_valid_project_name()
  File "/Users/rhilly/.pyenv/versions/3.10.13/envs/nlh-analysis/lib/python3.10/site-packages/dbt/task/init.py", line 246, in get_valid_project_name
    name = click.prompt("Enter a name for your project (letters, digits, underscore)")
  File "/Users/rhilly/.pyenv/versions/3.10.13/envs/nlh-analysis/lib/python3.10/site-packages/click/termui.py", line 164, in prompt
    value = prompt_func(prompt)
  File "/Users/rhilly/.pyenv/versions/3.10.13/envs/nlh-analysis/lib/python3.10/site-packages/click/termui.py", line 147, in prompt_func
    raise Abort() from None
click.exceptions.Abort

[0m15:06:19.233179 [debug] [MainThread]: Command `dbt init` failed at 15:06:19.232953 after 14.43 seconds
[0m15:06:19.234082 [debug] [MainThread]: Sending event: {'category': 'dbt', 'action': 'invocation', 'label': 'end', 'context': [<snowplow_tracker.self_describing_json.SelfDescribingJson object at 0x106d829e0>, <snowplow_tracker.self_describing_json.SelfDescribingJson object at 0x109358a30>, <snowplow_tracker.self_describing_json.SelfDescribingJson object at 0x109358dc0>]}
[0m15:06:19.234777 [debug] [MainThread]: Flushing usage events
[0m15:06:24.601830 [debug] [MainThread]: Sending event: {'category': 'dbt', 'action': 'invocation', 'label': 'start', 'context': [<snowplow_tracker.self_describing_json.SelfDescribingJson object at 0x1048a6b00>, <snowplow_tracker.self_describing_json.SelfDescribingJson object at 0x106bf0cd0>, <snowplow_tracker.self_describing_json.SelfDescribingJson object at 0x106bf0af0>]}


============================== 15:06:24.604210 | d251a4bd-679d-4896-94b9-d5d6416592ff ==============================
[0m15:06:24.604210 [info ] [MainThread]: Running with dbt=1.6.6
[0m15:06:24.604722 [debug] [MainThread]: running dbt with arguments {'printer_width': '80', 'indirect_selection': 'eager', 'write_json': 'True', 'log_cache_events': 'False', 'partial_parse': 'True', 'cache_selected_only': 'False', 'warn_error': 'None', 'fail_fast': 'False', 'profiles_dir': '/Users/rhilly/.dbt', 'log_path': 'logs', 'version_check': 'True', 'debug': 'False', 'use_colors': 'True', 'use_experimental_parser': 'False', 'no_print': 'None', 'quiet': 'False', 'warn_error_options': 'WarnErrorOptions(include=[], exclude=[])', 'introspect': 'True', 'invocation_command': 'dbt init', 'log_format': 'default', 'target_path': 'None', 'static_parser': 'True', 'send_anonymous_usage_stats': 'True'}
[0m15:06:42.527832 [error] [MainThread]: Encountered an error:

[0m15:06:42.534031 [error] [MainThread]: Traceback (most recent call last):
  File "/Users/rhilly/.pyenv/versions/3.10.13/envs/nlh-analysis/lib/python3.10/site-packages/dbt/cli/requires.py", line 87, in wrapper
    result, success = func(*args, **kwargs)
  File "/Users/rhilly/.pyenv/versions/3.10.13/envs/nlh-analysis/lib/python3.10/site-packages/dbt/cli/requires.py", line 72, in wrapper
    return func(*args, **kwargs)
  File "/Users/rhilly/.pyenv/versions/3.10.13/envs/nlh-analysis/lib/python3.10/site-packages/dbt/cli/main.py", line 484, in init
    results = task.run()
  File "/Users/rhilly/.pyenv/versions/3.10.13/envs/nlh-analysis/lib/python3.10/site-packages/dbt/task/init.py", line 283, in run
    project_name = self.get_valid_project_name()
  File "/Users/rhilly/.pyenv/versions/3.10.13/envs/nlh-analysis/lib/python3.10/site-packages/dbt/task/init.py", line 246, in get_valid_project_name
    name = click.prompt("Enter a name for your project (letters, digits, underscore)")
  File "/Users/rhilly/.pyenv/versions/3.10.13/envs/nlh-analysis/lib/python3.10/site-packages/click/termui.py", line 164, in prompt
    value = prompt_func(prompt)
  File "/Users/rhilly/.pyenv/versions/3.10.13/envs/nlh-analysis/lib/python3.10/site-packages/click/termui.py", line 147, in prompt_func
    raise Abort() from None
click.exceptions.Abort

[0m15:06:42.582494 [debug] [MainThread]: Command `dbt init` failed at 15:06:42.582181 after 17.99 seconds
[0m15:06:42.583523 [debug] [MainThread]: Sending event: {'category': 'dbt', 'action': 'invocation', 'label': 'end', 'context': [<snowplow_tracker.self_describing_json.SelfDescribingJson object at 0x1048a6b00>, <snowplow_tracker.self_describing_json.SelfDescribingJson object at 0x106bf0ac0>, <snowplow_tracker.self_describing_json.SelfDescribingJson object at 0x106bf0f10>]}
[0m15:06:42.584379 [debug] [MainThread]: Flushing usage events
[0m15:07:00.369156 [debug] [MainThread]: Sending event: {'category': 'dbt', 'action': 'invocation', 'label': 'start', 'context': [<snowplow_tracker.self_describing_json.SelfDescribingJson object at 0x106eaab00>, <snowplow_tracker.self_describing_json.SelfDescribingJson object at 0x1091f8cd0>, <snowplow_tracker.self_describing_json.SelfDescribingJson object at 0x1091f8af0>]}


============================== 15:07:00.371669 | 6059b892-8e73-44fb-ac58-31b538b4f35d ==============================
[0m15:07:00.371669 [info ] [MainThread]: Running with dbt=1.6.6
[0m15:07:00.372028 [debug] [MainThread]: running dbt with arguments {'printer_width': '80', 'indirect_selection': 'eager', 'log_cache_events': 'False', 'write_json': 'True', 'partial_parse': 'True', 'cache_selected_only': 'False', 'profiles_dir': '/Users/rhilly/.dbt', 'fail_fast': 'False', 'debug': 'False', 'log_path': 'logs', 'warn_error': 'None', 'version_check': 'True', 'use_colors': 'True', 'use_experimental_parser': 'False', 'no_print': 'None', 'quiet': 'False', 'warn_error_options': 'WarnErrorOptions(include=[], exclude=[])', 'static_parser': 'True', 'introspect': 'True', 'invocation_command': 'dbt init', 'target_path': 'None', 'log_format': 'default', 'send_anonymous_usage_stats': 'True'}
[0m15:07:06.535173 [debug] [MainThread]: Starter project path: /Users/rhilly/.pyenv/versions/3.10.13/envs/nlh-analysis/lib/python3.10/site-packages/dbt/include/starter_project
[0m15:07:06.545127 [info ] [MainThread]: 
Your new dbt project "nlh_data" was created!

For more information on how to configure the profiles.yml file,
please consult the dbt documentation here:

  https://docs.getdbt.com/docs/configure-your-profile

One more thing:

Need help? Don't hesitate to reach out to us via GitHub issues or on Slack:

  https://community.getdbt.com/

Happy modeling!

[0m15:07:06.545890 [info ] [MainThread]: Setting up your profile.
[0m15:07:13.473535 [info ] [MainThread]: Profile nlh_data written to /Users/rhilly/.dbt/profiles.yml using target's sample configuration. Once updated, you'll be able to start developing with dbt.
[0m15:07:13.474158 [debug] [MainThread]: Command `dbt init` succeeded at 15:07:13.474072 after 13.12 seconds
[0m15:07:13.474481 [debug] [MainThread]: Sending event: {'category': 'dbt', 'action': 'invocation', 'label': 'end', 'context': [<snowplow_tracker.self_describing_json.SelfDescribingJson object at 0x106eaab00>, <snowplow_tracker.self_describing_json.SelfDescribingJson object at 0x1073013f0>, <snowplow_tracker.self_describing_json.SelfDescribingJson object at 0x104960070>]}
[0m15:07:13.474823 [debug] [MainThread]: Flushing usage events
[0m15:13:26.126378 [debug] [MainThread]: Sending event: {'category': 'dbt', 'action': 'invocation', 'label': 'start', 'context': [<snowplow_tracker.self_describing_json.SelfDescribingJson object at 0x1069beaa0>, <snowplow_tracker.self_describing_json.SelfDescribingJson object at 0x108d11120>, <snowplow_tracker.self_describing_json.SelfDescribingJson object at 0x108d10fa0>]}


============================== 15:13:26.129298 | 5a1c50d7-bd75-4b28-8b78-34a9b6df52b0 ==============================
[0m15:13:26.129298 [info ] [MainThread]: Running with dbt=1.6.6
[0m15:13:26.129690 [debug] [MainThread]: running dbt with arguments {'printer_width': '80', 'indirect_selection': 'eager', 'log_cache_events': 'False', 'write_json': 'True', 'partial_parse': 'True', 'cache_selected_only': 'False', 'warn_error': 'None', 'fail_fast': 'False', 'version_check': 'True', 'log_path': 'logs', 'debug': 'False', 'profiles_dir': '/Users/rhilly/.dbt', 'use_colors': 'True', 'use_experimental_parser': 'False', 'no_print': 'None', 'quiet': 'False', 'log_format': 'default', 'introspect': 'True', 'static_parser': 'True', 'invocation_command': 'dbt debug', 'target_path': 'None', 'warn_error_options': 'WarnErrorOptions(include=[], exclude=[])', 'send_anonymous_usage_stats': 'True'}
[0m15:13:26.130134 [info ] [MainThread]: dbt version: 1.6.6
[0m15:13:26.130358 [info ] [MainThread]: python version: 3.10.13
[0m15:13:26.130573 [info ] [MainThread]: python path: /Users/rhilly/.pyenv/versions/3.10.13/envs/nlh-analysis/bin/python3.10
[0m15:13:26.130785 [info ] [MainThread]: os info: macOS-14.0-arm64-arm-64bit
[0m15:13:26.171536 [info ] [MainThread]: Using profiles dir at /Users/rhilly/.dbt
[0m15:13:26.171861 [info ] [MainThread]: Using profiles.yml file at /Users/rhilly/.dbt/profiles.yml
[0m15:13:26.172114 [info ] [MainThread]: Using dbt_project.yml file at /Users/rhilly/no-limit-holdem-analysis/dbt_project.yml
[0m15:13:26.172468 [info ] [MainThread]: adapter type: postgres
[0m15:13:26.172749 [info ] [MainThread]: adapter version: 1.6.6
[0m15:13:26.172984 [info ] [MainThread]: Configuration:
[0m15:13:26.173200 [info ] [MainThread]:   profiles.yml file [[32mOK found and valid[0m]
[0m15:13:26.173424 [info ] [MainThread]:   dbt_project.yml file [[31mERROR not found[0m]
[0m15:13:26.173647 [info ] [MainThread]: Required dependencies:
[0m15:13:26.173886 [debug] [MainThread]: Executing "git --help"
[0m15:13:26.202137 [debug] [MainThread]: STDOUT: "b"usage: git [-v | --version] [-h | --help] [-C <path>] [-c <name>=<value>]\n           [--exec-path[=<path>]] [--html-path] [--man-path] [--info-path]\n           [-p | --paginate | -P | --no-pager] [--no-replace-objects] [--bare]\n           [--git-dir=<path>] [--work-tree=<path>] [--namespace=<name>]\n           [--super-prefix=<path>] [--config-env=<name>=<envvar>]\n           <command> [<args>]\n\nThese are common Git commands used in various situations:\n\nstart a working area (see also: git help tutorial)\n   clone     Clone a repository into a new directory\n   init      Create an empty Git repository or reinitialize an existing one\n\nwork on the current change (see also: git help everyday)\n   add       Add file contents to the index\n   mv        Move or rename a file, a directory, or a symlink\n   restore   Restore working tree files\n   rm        Remove files from the working tree and from the index\n\nexamine the history and state (see also: git help revisions)\n   bisect    Use binary search to find the commit that introduced a bug\n   diff      Show changes between commits, commit and working tree, etc\n   grep      Print lines matching a pattern\n   log       Show commit logs\n   show      Show various types of objects\n   status    Show the working tree status\n\ngrow, mark and tweak your common history\n   branch    List, create, or delete branches\n   commit    Record changes to the repository\n   merge     Join two or more development histories together\n   rebase    Reapply commits on top of another base tip\n   reset     Reset current HEAD to the specified state\n   switch    Switch branches\n   tag       Create, list, delete or verify a tag object signed with GPG\n\ncollaborate (see also: git help workflows)\n   fetch     Download objects and refs from another repository\n   pull      Fetch from and integrate with another repository or a local branch\n   push      Update remote refs along with associated objects\n\n'git help -a' and 'git help -g' list available subcommands and some\nconcept guides. See 'git help <command>' or 'git help <concept>'\nto read about a specific subcommand or concept.\nSee 'git help git' for an overview of the system.\n""
[0m15:13:26.202786 [debug] [MainThread]: STDERR: "b''"
[0m15:13:26.203060 [info ] [MainThread]:  - git [[32mOK found[0m]

[0m15:13:26.203302 [info ] [MainThread]: Connection:
[0m15:13:26.203572 [info ] [MainThread]:   host: localhost
[0m15:13:26.203808 [info ] [MainThread]:   port: 5432
[0m15:13:26.204019 [info ] [MainThread]:   user: postgres
[0m15:13:26.204240 [info ] [MainThread]:   database: PT4 DB
[0m15:13:26.204459 [info ] [MainThread]:   schema: dbt_rhilly
[0m15:13:26.204662 [info ] [MainThread]:   connect_timeout: 10
[0m15:13:26.204870 [info ] [MainThread]:   role: None
[0m15:13:26.205074 [info ] [MainThread]:   search_path: None
[0m15:13:26.205276 [info ] [MainThread]:   keepalives_idle: 0
[0m15:13:26.205473 [info ] [MainThread]:   sslmode: None
[0m15:13:26.205673 [info ] [MainThread]:   sslcert: None
[0m15:13:26.205870 [info ] [MainThread]:   sslkey: None
[0m15:13:26.206067 [info ] [MainThread]:   sslrootcert: None
[0m15:13:26.206267 [info ] [MainThread]:   application_name: dbt
[0m15:13:26.214656 [info ] [MainThread]:   retries: 1
[0m15:13:26.215080 [info ] [MainThread]: Registered adapter: postgres=1.6.6
[0m15:13:26.396702 [debug] [MainThread]: Acquiring new postgres connection 'debug'
[0m15:13:26.398130 [debug] [MainThread]: Using postgres connection "debug"
[0m15:13:26.398723 [debug] [MainThread]: On debug: select 1 as id
[0m15:13:26.399270 [debug] [MainThread]: Opening a new connection, currently in state init
[0m15:13:26.569807 [debug] [MainThread]: SQL status: SELECT 1 in 0.0 seconds
[0m15:13:26.571407 [debug] [MainThread]: On debug: Close
[0m15:13:26.571886 [info ] [MainThread]:   Connection test: [[32mOK connection ok[0m]

[0m15:13:26.572337 [info ] [MainThread]: [31m1 check failed:[0m
[0m15:13:26.572735 [info ] [MainThread]: Project loading failed for the following reason:
 project path </Users/rhilly/no-limit-holdem-analysis/dbt_project.yml> not found

[0m15:13:26.573570 [debug] [MainThread]: Command `dbt debug` failed at 15:13:26.573461 after 0.46 seconds
[0m15:13:26.574026 [debug] [MainThread]: Connection 'debug' was properly closed.
[0m15:13:26.574474 [debug] [MainThread]: Sending event: {'category': 'dbt', 'action': 'invocation', 'label': 'end', 'context': [<snowplow_tracker.self_describing_json.SelfDescribingJson object at 0x1069beaa0>, <snowplow_tracker.self_describing_json.SelfDescribingJson object at 0x109113790>, <snowplow_tracker.self_describing_json.SelfDescribingJson object at 0x109112860>]}
[0m15:13:26.575119 [debug] [MainThread]: Flushing usage events
